  Running PropKa to get pKas

Clusters to optimize:
    Cluster 1:
        A:ASN 18 
    Cluster 2:
        A:GLN 29 
    Cluster 3:
        A:GLN 32 
    Cluster 4:
        A:GLN 33 
    Cluster 5:
        A:ASN 44 
    Cluster 6:
        A:ASN 61 
        A:GLU 60 
        A:LYS 64 
    Cluster 7:
        A:GLN 94 
    Cluster 8:
        A:ASN 99 
        A:ASP 249 
        A:TYR 30 : HH 
        A:HID 247 
        A:HID 67 
    Cluster 9:
        A:GLN 104 
    Cluster 10:
        A:ASN 109 
    Cluster 11:
        A:ASN 111 
        A:ASP 107 
        A:LYS 466 
    Cluster 12:
        A:ASN 130 
        A:THR 133 : HG1
    Cluster 13:
        A:GLN 170 
    Cluster 14:
        A:GLN 196 
        A:TYR 150 : HH 
        A:HID 242 
        A:LYS 199 
    Cluster 15:
        A:GLN 204 
    Cluster 16:
        A:GLN 221 
    Cluster 17:
        A:ASN 267 
        A:GLU 230 
        A:TYR 263 : HH 
    Cluster 18:
        A:GLN 268 
    Cluster 19:
        A:ASN 295 
    Cluster 20:
        A:ASN 318 
    Cluster 21:
        A:GLN 385 
    Cluster 22:
        A:ASN 386 
    Cluster 23:
        A:GLN 390 
    Cluster 24:
        A:ASN 391 
    Cluster 25:
        A:GLN 397 
        A:GLU 393 
    Cluster 26:
        A:GLN 404 
        A:GLU 400 
        A:SER 435 : HG 
        A:TYR 401 : HH 
        A:GLN 526 
        A:ASN 405 
    Cluster 27:
        A:GLN 417 
        A:ASP 494 
        A:THR 496 : HG1
    Cluster 28:
        A:ASN 429 
        A:GLU 425 
        A:LYS 432 
        A:GLN 459 
    Cluster 29:
        A:ASN 458 
    Cluster 30:
        A:ASN 483 
    Cluster 31:
        A:ASN 503 
    Cluster 32:
        A:GLN 522 
        A:GLU 518 
        A:LYS 525 
    Cluster 33:
        A:GLN 543 
    Cluster 34:
        A:GLN 580 
    Cluster 35:
        A:LYS 12 
    Cluster 36:
        A:LYS 20 
        A:GLU 16 
        A:LYS 51 
    Cluster 37:
        A:LYS 41 
        A:GLU 45 
        A:LYS 73 
    Cluster 38:
        A:LYS 93 
    Cluster 39:
        A:LYS 106 
    Cluster 40:
        A:LYS 136 
    Cluster 41:
        A:LYS 137 
    Cluster 42:
        A:LYS 159 
        A:GLU 285 
    Cluster 43:
        A:LYS 162 
        A:GLU 131 
    Cluster 44:
        A:LYS 174 
        A:ASP 121 
    Cluster 45:
        A:LYS 181 
        A:GLU 167 
    Cluster 46:
        A:LYS 190 
    Cluster 47:
        A:LYS 195 
        A:GLU 292 
        A:GLU 188 
        A:GLU 153 
        A:HID 288 
    Cluster 48:
        A:LYS 205 
        A:GLU 465 
    Cluster 49:
        A:LYS 212 
        A:GLU 208 
    Cluster 50:
        A:LYS 225 
        A:ASP 296 
        A:SER 273 : HG 
        A:SER 272 : HG 
    Cluster 51:
        A:LYS 233 
        A:ASP 237 
    Cluster 52:
        A:LYS 240 
    Cluster 53:
        A:LYS 262 
    Cluster 54:
        A:LYS 274 
        A:GLU 297 
        A:GLU 294 
    Cluster 55:
        A:LYS 276 
        A:GLU 277 
    Cluster 56:
        A:LYS 281 
    Cluster 57:
        A:LYS 286 
    Cluster 58:
        A:LYS 313 
    Cluster 59:
        A:LYS 317 
        A:GLU 321 
    Cluster 60:
        A:LYS 323 
    Cluster 61:
        A:LYS 351 
        A:GLU 354 
    Cluster 62:
        A:LYS 359 
    Cluster 63:
        A:LYS 372 
    Cluster 64:
        A:LYS 378 
    Cluster 65:
        A:LYS 389 
    Cluster 66:
        A:LYS 402 
    Cluster 67:
        A:LYS 413 
        A:THR 540 : HG1
    Cluster 68:
        A:LYS 414 
    Cluster 69:
        A:LYS 436 
    Cluster 70:
        A:LYS 439 
    Cluster 71:
        A:LYS 444 
        A:HID 440 
    Cluster 72:
        A:LYS 475 
    Cluster 73:
        A:LYS 500 
    Cluster 74:
        A:LYS 519 
        A:ASP 183 
    Cluster 75:
        A:LYS 524 
    Cluster 76:
        A:LYS 534 
        A:GLU 531 
        A:THR 420 : HG1
    Cluster 77:
        A:LYS 536 
    Cluster 78:
        A:LYS 538 
    Cluster 79:
        A:LYS 541 
    Cluster 80:
        A:LYS 545 
    Cluster 81:
        A:LYS 557 
    Cluster 82:
        A:LYS 560 
    Cluster 83:
        A:LYS 564 
    Cluster 84:
        A:LYS 573 
    Cluster 85:
        A:LYS 574 
    Cluster 86:
        A:HID 9 
        A:ASP 255 
        A:ASP 13 
    Cluster 87:
        A:HID 39 
    Cluster 88:
        A:HID 105 
    Cluster 89:
        A:HID 128 
    Cluster 90:
        A:HID 146 
        A:SER 193 : HG 
    Cluster 91:
        A:HID 338 
        A:ASP 340 
        A:TYR 341 : HH 
    Cluster 92:
        A:HID 367 
        A:TYR 370 : HH 
    Cluster 93:
        A:HID 464 
        A:THR 474 : HG1
        A:SER 470 : HG 
    Cluster 94:
        A:HID 510 
    Cluster 95:
        A:HID 535 
    Cluster 96:
        A:SER 5 : HG 
    Cluster 97:
        A:CYS 34 : HG 
        A:TYR 84 : HH 
    Cluster 98:
        A:THR 47 : HG1
    Cluster 99:
        A:THR 52 : HG1
    Cluster 100:
        A:SER 58 : HG 
        A:ASP 56 
    Cluster 101:
        A:SER 65 : HG 
        A:THR 68 : HG1
    Cluster 102:
        A:THR 76 : HG1
    Cluster 103:
        A:THR 79 : HG1
    Cluster 104:
        A:THR 83 : HG1
    Cluster 105:
        A:THR 125 : HG1
    Cluster 106:
        A:TYR 138 : HH 
    Cluster 107:
        A:TYR 140 : HH 
    Cluster 108:
        A:TYR 148 : HH 
    Cluster 109:
        A:TYR 161 : HH 
    Cluster 110:
        A:THR 166 : HG1
    Cluster 111:
        A:SER 192 : HG 
    Cluster 112:
        A:SER 202 : HG 
    Cluster 113:
        A:SER 220 : HG 
    Cluster 114:
        A:SER 232 : HG 
    Cluster 115:
        A:THR 236 : HG1
    Cluster 116:
        A:THR 239 : HG1
    Cluster 117:
        A:THR 243 : HG1
    Cluster 118:
        A:SER 270 : HG 
    Cluster 119:
        A:SER 287 : HG 
    Cluster 120:
        A:SER 304 : HG 
    Cluster 121:
        A:SER 312 : HG 
    Cluster 122:
        A:TYR 319 : HH 
        A:GLU 358 
    Cluster 123:
        A:TYR 332 : HH 
    Cluster 124:
        A:TYR 334 : HH 
    Cluster 125:
        A:SER 342 : HG 
        A:GLU 450 
    Cluster 126:
        A:THR 352 : HG1
    Cluster 127:
        A:TYR 353 : HH 
    Cluster 128:
        A:THR 355 : HG1
    Cluster 129:
        A:THR 356 : HG1
    Cluster 130:
        A:TYR 411 : HH 
    Cluster 131:
        A:THR 412 : HG1
    Cluster 132:
        A:SER 419 : HG 
    Cluster 133:
        A:THR 422 : HG1
    Cluster 134:
        A:SER 427 : HG 
    Cluster 135:
        A:TYR 452 : HH 
    Cluster 136:
        A:SER 454 : HG 
    Cluster 137:
        A:THR 467 : HG1
    Cluster 138:
        A:THR 478 : HG1
    Cluster 139:
        A:SER 480 : HG 
    Cluster 140:
        A:SER 489 : HG 
    Cluster 141:
        A:TYR 497 : HH 
    Cluster 142:
        A:THR 506 : HG1
    Cluster 143:
        A:THR 508 : HG1
    Cluster 144:
        A:THR 515 : HG1
    Cluster 145:
        A:SER 517 : HG 
        A:GLU 520 
    Cluster 146:
        A:THR 527 : HG1
    Cluster 147:
        A:THR 566 : HG1
    Cluster 148:
        A:SER 579 : HG 
    Cluster 149:
        A:GLU 6 
    Cluster 150:
        A:GLU 17 
    Cluster 151:
        A:GLU 37 
    Cluster 152:
        A:ASP 38 
    Cluster 153:
        A:GLU 48 
    Cluster 154:
        A:GLU 57 
    Cluster 155:
        A:ASP 63 
    Cluster 156:
        A:ASP 72 
    Cluster 157:
        A:GLU 82 
    Cluster 158:
        A:GLU 86 
    Cluster 159:
        A:ASP 89 
    Cluster 160:
        A:GLU 95 
    Cluster 161:
        A:GLU 97 
    Cluster 162:
        A:GLU 100 
    Cluster 163:
        A:ASP 108 
    Cluster 164:
        A:GLU 119 
    Cluster 165:
        A:ASP 129 
    Cluster 166:
        A:GLU 132 
    Cluster 167:
        A:GLU 141 
    Cluster 168:
        A:ASP 173 
    Cluster 169:
        A:GLU 184 
    Cluster 170:
        A:ASP 187 
    Cluster 171:
        A:GLU 227 
    Cluster 172:
        A:GLU 244 
        A:ASP 256 
    Cluster 173:
        A:GLU 252 
    Cluster 174:
        A:ASP 259 
    Cluster 175:
        A:GLU 266 
    Cluster 176:
        A:ASP 269 
    Cluster 177:
        A:GLU 280 
    Cluster 178:
        A:ASP 301 
    Cluster 179:
        A:ASP 308 
    Cluster 180:
        A:GLU 311 
    Cluster 181:
        A:ASP 314 
    Cluster 182:
        A:ASP 324 
    Cluster 183:
        A:GLU 333 
    Cluster 184:
        A:ASP 365 
    Cluster 185:
        A:GLU 368 
    Cluster 186:
        A:ASP 375 
    Cluster 187:
        A:GLU 376 
    Cluster 188:
        A:GLU 382 
    Cluster 189:
        A:GLU 383 
    Cluster 190:
        A:GLU 396 
    Cluster 191:
        A:GLU 442 
    Cluster 192:
        A:ASP 451 
    Cluster 193:
        A:ASP 471 
    Cluster 194:
        A:GLU 479 
    Cluster 195:
        A:GLU 492 
    Cluster 196:
        A:GLU 495 
    Cluster 197:
        A:GLU 501 
    Cluster 198:
        A:GLU 505 
    Cluster 199:
        A:ASP 512 
    Cluster 200:
        A:GLU 542 
    Cluster 201:
        A:ASP 549 
    Cluster 202:
        A:ASP 550 
    Cluster 203:
        A:GLU 556 
    Cluster 204:
        A:ASP 562 
    Cluster 205:
        A:ASP 563 
    Cluster 206:
        A:GLU 565 
    Cluster 207:
        A:GLU 570 
    Cluster 208:
        A:GLU 571 

Working on cluster #1...
    A:ASN 18  : 2 states

  Scoring exhaustively (2 potential combinations)...

  Cluster results:
    A:ASN 18  : No Flip

Working on cluster #2...
    A:GLN 29  : 2 states

  Scoring exhaustively (2 potential combinations)...

  Cluster results:
    A:GLN 29  : Flip

Working on cluster #3...
    A:GLN 32  : 2 states

  Scoring exhaustively (2 potential combinations)...

  Cluster results:
    A:GLN 32  : No Flip

Working on cluster #4...
    A:GLN 33  : 2 states

  Scoring exhaustively (2 potential combinations)...

  Cluster results:
    A:GLN 33  : Flip

Working on cluster #5...
    A:ASN 44  : 2 states

  Scoring exhaustively (2 potential combinations)...

  Cluster results:
    A:ASN 44  : No Flip

Working on cluster #6...
    A:ASN 61  : 2 states
    A:GLU 60  : 3 states
    A:LYS 64  : 12 states

  Scoring exhaustively (72 potential combinations)...
    No valid conformations found. Trying again with less strict requirements.

  Cluster results:
    A:ASN 61  : No Flip
    A:GLU 60  : Charged (pKa = 4.56)
    A:LYS 64  : Orientation 1/2 (pKa = 10.45)

Working on cluster #7...
    A:GLN 94  : 2 states

  Scoring exhaustively (2 potential combinations)...

  Cluster results:
    A:GLN 94  : No Flip

Working on cluster #8...
    A:ASN 99  : 2 states
    A:ASP 249  : 3 states
    A:TYR 30 : HH  : 3 states
    A:HID 247  : 6 states
    A:HID 67  : 6 states

  Scoring exhaustively (648 potential combinations)...

  Cluster results:
    A:ASN 99  : No Flip
    A:ASP 249  : Charged (pKa = 1.98)
    A:TYR 30 : HH  : Default 2 2/2 (pKa = 14.39)
    A:HID 247  : Flip HIE (pKa = 7.77)
    A:HID 67  : HIP (pKa = 7.07)

Working on cluster #9...
    A:GLN 104  : 2 states

  Scoring exhaustively (2 potential combinations)...

  Cluster results:
    A:GLN 104  : No Flip

Working on cluster #10...
    A:ASN 109  : 2 states

  Scoring exhaustively (2 potential combinations)...

  Cluster results:
    A:ASN 109  : No Flip

Working on cluster #11...
    A:ASN 111  : 2 states
    A:ASP 107  : 3 states
    A:LYS 466  : 8 states

  Scoring exhaustively (48 potential combinations)...

  Cluster results:
    A:ASN 111  : No Flip
    A:ASP 107  : Charged (pKa = 3.25)
    A:LYS 466  : Orientation 1/1 (pKa = 10.88)

Working on cluster #12...
    A:ASN 130  : 2 states
    A:THR 133 : HG1 : 6 states

  Scoring exhaustively (12 potential combinations)...

  Cluster results:
    A:ASN 130  : No Flip
    A:THR 133 : HG1 : Stagger 1 4/6

Working on cluster #13...
    A:GLN 170  : 2 states

  Scoring exhaustively (2 potential combinations)...

  Cluster results:
    A:GLN 170  : No Flip

Working on cluster #14...
    A:GLN 196  : 2 states
    A:TYR 150 : HH  : 3 states
    A:HID 242  : 6 states
    A:LYS 199  : 8 states

  Scoring exhaustively (288 potential combinations)...

  Cluster results:
    A:GLN 196  : No Flip
    A:TYR 150 : HH  : Orientation 1/2 (pKa = 11.85)
    A:HID 242  : HID (pKa = 1.31)
    A:LYS 199  : Orientation 1/1 LYN1 (pKa = 6.78)

Working on cluster #15...
    A:GLN 204  : 2 states

  Scoring exhaustively (2 potential combinations)...

  Cluster results:
    A:GLN 204  : No Flip

Working on cluster #16...
    A:GLN 221  : 2 states

  Scoring exhaustively (2 potential combinations)...

  Cluster results:
    A:GLN 221  : No Flip

Working on cluster #17...
    A:ASN 267  : 2 states
    A:GLU 230  : 3 states
    A:TYR 263 : HH  : 5 states

  Scoring exhaustively (30 potential combinations)...

  Cluster results:
    A:ASN 267  : No Flip
    A:GLU 230  : Charged (pKa = 4.46)
    A:TYR 263 : HH  : Orientation 1/4 (pKa = 11.91)

Working on cluster #18...
    A:GLN 268  : 2 states

  Scoring exhaustively (2 potential combinations)...
    No valid conformations found. Trying again with less strict requirements.

  Cluster results:
    A:GLN 268  : No Flip

Working on cluster #19...
    A:ASN 295  : 2 states

  Scoring exhaustively (2 potential combinations)...

  Cluster results:
    A:ASN 295  : No Flip

Working on cluster #20...
    A:ASN 318  : 2 states

  Scoring exhaustively (2 potential combinations)...

  Cluster results:
    A:ASN 318  : Flip

Working on cluster #21...
    A:GLN 385  : 2 states

  Scoring exhaustively (2 potential combinations)...

  Cluster results:
    A:GLN 385  : No Flip

Working on cluster #22...
    A:ASN 386  : 2 states

  Scoring exhaustively (2 potential combinations)...

  Cluster results:
    A:ASN 386  : No Flip

Working on cluster #23...
    A:GLN 390  : 2 states

  Scoring exhaustively (2 potential combinations)...

  Cluster results:
    A:GLN 390  : Flip

Working on cluster #24...
    A:ASN 391  : 2 states

  Scoring exhaustively (2 potential combinations)...

  Cluster results:
    A:ASN 391  : No Flip

Working on cluster #25...
    A:GLN 397  : 2 states
    A:GLU 393  : 3 states

  Scoring exhaustively (6 potential combinations)...

  Cluster results:
    A:GLN 397  : No Flip
    A:GLU 393  : Charged (pKa = 4.56)

Working on cluster #26...
    A:GLN 404  : 2 states
    A:GLU 400  : 3 states
    A:SER 435 : HG  : 9 states
    A:TYR 401 : HH  : 3 states
    A:GLN 526  : 2 states
    A:ASN 405  : 2 states

  Scoring exhaustively (648 potential combinations)...

  Cluster results:
    A:GLN 404  : No Flip
    A:GLU 400  : Charged (pKa = 4.39)
    A:SER 435 : HG  : Stagger 2 8/9
    A:TYR 401 : HH  : Orientation 1/2 (pKa = 11.53)
    A:GLN 526  : No Flip
    A:ASN 405  : No Flip

Working on cluster #27...
    A:GLN 417  : 2 states
    A:ASP 494  : 3 states
    A:THR 496 : HG1 : 5 states

  Scoring exhaustively (30 potential combinations)...

  Cluster results:
    A:GLN 417  : No Flip
    A:ASP 494  : Charged (pKa = 2.49)
    A:THR 496 : HG1 : Orientation 1/5

Working on cluster #28...
    A:ASN 429  : 2 states
    A:GLU 425  : 3 states
    A:LYS 432  : 20 states
    A:GLN 459  : 2 states

  Scoring exhaustively (240 potential combinations)...
    No valid conformations found. Trying again with less strict requirements.

  Cluster results:
    A:ASN 429  : No Flip
    A:GLU 425  : Charged (pKa = 5.07)
    A:LYS 432  : Orientation 2/4 (pKa = 9.24)
    A:GLN 459  : No Flip

Working on cluster #29...
    A:ASN 458  : 2 states

  Scoring exhaustively (2 potential combinations)...
    No valid conformations found. Trying again with less strict requirements.
    No valid conformations found. Trying again with less strict requirements.

  Cluster results:
    A:ASN 458  : No Flip

Working on cluster #30...
    A:ASN 483  : 2 states

  Scoring exhaustively (2 potential combinations)...

  Cluster results:
    A:ASN 483  : No Flip

Working on cluster #31...
    A:ASN 503  : 2 states

  Scoring exhaustively (2 potential combinations)...

  Cluster results:
    A:ASN 503  : Flip

Working on cluster #32...
    A:GLN 522  : 2 states
    A:GLU 518  : 3 states
    A:LYS 525  : 8 states

  Scoring exhaustively (48 potential combinations)...

  Cluster results:
    A:GLN 522  : No Flip
    A:GLU 518  : Charged (pKa = 4.01)
    A:LYS 525  : Orientation 1/1 (pKa = 9.96)

Working on cluster #33...
    A:GLN 543  : 2 states

  Scoring exhaustively (2 potential combinations)...

  Cluster results:
    A:GLN 543  : No Flip

Working on cluster #34...
    A:GLN 580  : 2 states

  Scoring exhaustively (2 potential combinations)...

  Cluster results:
    A:GLN 580  : Flip

Working on cluster #35...
    A:LYS 12  : 8 states

  Scoring exhaustively (8 potential combinations)...

  Cluster results:
    A:LYS 12  : Orientation 1/1 (pKa = 10.58)

Working on cluster #36...
    A:LYS 20  : 8 states
    A:GLU 16  : 3 states
    A:LYS 51  : 8 states

  Scoring exhaustively (192 potential combinations)...

  Cluster results:
    A:LYS 20  : Orientation 1/1 (pKa = 10.5)
    A:GLU 16  : Charged (pKa = 3.82)
    A:LYS 51  : Stagger (pKa = 10.74)

Working on cluster #37...
    A:LYS 41  : 8 states
    A:GLU 45  : 3 states
    A:LYS 73  : 8 states

  Scoring exhaustively (192 potential combinations)...
    No valid conformations found. Trying again with less strict requirements.

  Cluster results:
    A:LYS 41  : Orientation 1/1 (pKa = 11.15)
    A:GLU 45  : Charged (pKa = 2.69)
    A:LYS 73  : Orientation 1/1 (pKa = 10.82)

Working on cluster #38...
    A:LYS 93  : 8 states

  Scoring exhaustively (8 potential combinations)...

  Cluster results:
    A:LYS 93  : Orientation 1/1 (pKa = 10.36)

Working on cluster #39...
    A:LYS 106  : 8 states

  Scoring exhaustively (8 potential combinations)...

  Cluster results:
    A:LYS 106  : Orientation 1/1 LYN1 (pKa = 7.36)

Working on cluster #40...
    A:LYS 136  : 20 states

  Scoring exhaustively (20 potential combinations)...

  Cluster results:
    A:LYS 136  : Orientation 2/4 (pKa = 9.68)

Working on cluster #41...
    A:LYS 137  : 8 states

  Scoring exhaustively (8 potential combinations)...

  Cluster results:
    A:LYS 137  : Orientation 1/1 (pKa = 10.51)

Working on cluster #42...
    A:LYS 159  : 12 states
    A:GLU 285  : 3 states

  Scoring exhaustively (36 potential combinations)...

  Cluster results:
    A:LYS 159  : Orientation 1/2 (pKa = 10.87)
    A:GLU 285  : Charged (pKa = 3.5)

Working on cluster #43...
    A:LYS 162  : 8 states
    A:GLU 131  : 3 states

  Scoring exhaustively (24 potential combinations)...

  Cluster results:
    A:LYS 162  : Orientation 1/1 (pKa = 10.62)
    A:GLU 131  : Charged (pKa = 4.58)

Working on cluster #44...
    A:LYS 174  : 8 states
    A:ASP 121  : 3 states

  Scoring exhaustively (24 potential combinations)...

  Cluster results:
    A:LYS 174  : Orientation 1/1 (pKa = 11.24)
    A:ASP 121  : Charged (pKa = 2.9)

Working on cluster #45...
    A:LYS 181  : 8 states
    A:GLU 167  : 3 states

  Scoring exhaustively (24 potential combinations)...

  Cluster results:
    A:LYS 181  : Orientation 1/1 (pKa = 10.62)
    A:GLU 167  : Charged (pKa = 4.08)

Working on cluster #46...
    A:LYS 190  : 12 states

  Scoring exhaustively (12 potential combinations)...

  Cluster results:
    A:LYS 190  : Stagger (pKa = 8.71)

Working on cluster #47...
    A:LYS 195  : 8 states
    A:GLU 292  : 3 states
    A:GLU 188  : 3 states
    A:GLU 153  : 3 states
    A:HID 288  : 6 states

  Scoring exhaustively (1296 potential combinations)...

  Cluster results:
    A:LYS 195  : Orientation 1/1 (pKa = 9.99)
    A:GLU 292  : Charged (pKa = 4.51)
    A:GLU 188  : Charged (pKa = 4.11)
    A:GLU 153  : Charged (pKa = 3.14)
    A:HID 288  : HIP (pKa = 7.77)

Working on cluster #48...
    A:LYS 205  : 8 states
    A:GLU 465  : 3 states

  Scoring exhaustively (24 potential combinations)...

  Cluster results:
    A:LYS 205  : Orientation 1/1 (pKa = 10.5)
    A:GLU 465  : Charged (pKa = 4.99)

Working on cluster #49...
    A:LYS 212  : 8 states
    A:GLU 208  : 3 states

  Scoring exhaustively (24 potential combinations)...

  Cluster results:
    A:LYS 212  : Orientation 1/1 (pKa = 10.67)
    A:GLU 208  : Charged (pKa = 4.24)

Working on cluster #50...
    A:LYS 225  : 8 states
    A:ASP 296  : 3 states
    A:SER 273 : HG  : 10 states
    A:SER 272 : HG  : 7 states

  Scoring exhaustively (1680 potential combinations)...

  Cluster results:
    A:LYS 225  : Orientation 1/1 (pKa = 10.94)
    A:ASP 296  : Charged (pKa = 1.78)
    A:SER 273 : HG  : Orientation 1/10
    A:SER 272 : HG  : Default 6/7

Working on cluster #51...
    A:LYS 233  : 8 states
    A:ASP 237  : 3 states

  Scoring exhaustively (24 potential combinations)...

  Cluster results:
    A:LYS 233  : Orientation 1/1 (pKa = 11.17)
    A:ASP 237  : Charged (pKa = 4.23)

Working on cluster #52...
    A:LYS 240  : 12 states

  Scoring exhaustively (12 potential combinations)...

  Cluster results:
    A:LYS 240  : Orientation 1/2 (pKa = 10.93)

Working on cluster #53...
    A:LYS 262  : 8 states

  Scoring exhaustively (8 potential combinations)...

  Cluster results:
    A:LYS 262  : Orientation 1/1 (pKa = 10.83)

Working on cluster #54...
    A:LYS 274  : 8 states
    A:GLU 297  : 3 states
    A:GLU 294  : 3 states

  Scoring exhaustively (72 potential combinations)...

  Cluster results:
    A:LYS 274  : Orientation 1/1 (pKa = 11.12)
    A:GLU 297  : Charged (pKa = 4.12)
    A:GLU 294  : Charged (pKa = 4.43)

Working on cluster #55...
    A:LYS 276  : 8 states
    A:GLU 277  : 3 states

  Scoring exhaustively (24 potential combinations)...

  Cluster results:
    A:LYS 276  : Stagger (pKa = 10.73)
    A:GLU 277  : Charged (pKa = 4.32)

Working on cluster #56...
    A:LYS 281  : 8 states

  Scoring exhaustively (8 potential combinations)...

  Cluster results:
    A:LYS 281  : Orientation 1/1 (pKa = 10.4)

Working on cluster #57...
    A:LYS 286  : 8 states

  Scoring exhaustively (8 potential combinations)...

  Cluster results:
    A:LYS 286  : Orientation 1/1 (pKa = 10.09)

Working on cluster #58...
    A:LYS 313  : 8 states

  Scoring exhaustively (8 potential combinations)...

  Cluster results:
    A:LYS 313  : Orientation 1/1 (pKa = 10.51)

Working on cluster #59...
    A:LYS 317  : 12 states
    A:GLU 321  : 3 states

  Scoring exhaustively (36 potential combinations)...

  Cluster results:
    A:LYS 317  : Stagger (pKa = 11.45)
    A:GLU 321  : Charged (pKa = 3.71)

Working on cluster #60...
    A:LYS 323  : 8 states

  Scoring exhaustively (8 potential combinations)...

  Cluster results:
    A:LYS 323  : Orientation 1/1 (pKa = 10.62)

Working on cluster #61...
    A:LYS 351  : 8 states
    A:GLU 354  : 3 states

  Scoring exhaustively (24 potential combinations)...

  Cluster results:
    A:LYS 351  : Orientation 1/1 (pKa = 10.86)
    A:GLU 354  : Charged (pKa = 3.61)

Working on cluster #62...
    A:LYS 359  : 8 states

  Scoring exhaustively (8 potential combinations)...

  Cluster results:
    A:LYS 359  : Orientation 1/1 (pKa = 10.41)

Working on cluster #63...
    A:LYS 372  : 20 states

  Scoring exhaustively (20 potential combinations)...

  Cluster results:
    A:LYS 372  : Orientation 1/4 (pKa = 10.62)

Working on cluster #64...
    A:LYS 378  : 8 states

  Scoring exhaustively (8 potential combinations)...

  Cluster results:
    A:LYS 378  : Orientation 1/1 (pKa = 10.7)

Working on cluster #65...
    A:LYS 389  : 4 states

  Scoring exhaustively (4 potential combinations)...

  Cluster results:
    A:LYS 389  : Stagger (pKa = 10.46)

Working on cluster #66...
    A:LYS 402  : 8 states

  Scoring exhaustively (8 potential combinations)...

  Cluster results:
    A:LYS 402  : Orientation 1/1 (pKa = 10.44)

Working on cluster #67...
    A:LYS 413  : 12 states
    A:THR 540 : HG1 : 6 states

  Scoring exhaustively (72 potential combinations)...

  Cluster results:
    A:LYS 413  : Orientation 2/2 (pKa = 9.5)
    A:THR 540 : HG1 : Orientation 1/6

Working on cluster #68...
    A:LYS 414  : 8 states

  Scoring exhaustively (8 potential combinations)...

  Cluster results:
    A:LYS 414  : Stagger (pKa = 8.47)

Working on cluster #69...
    A:LYS 436  : 8 states

  Scoring exhaustively (8 potential combinations)...

  Cluster results:
    A:LYS 436  : Orientation 1/1 (pKa = 9.5)

Working on cluster #70...
    A:LYS 439  : 8 states

  Scoring exhaustively (8 potential combinations)...

  Cluster results:
    A:LYS 439  : Orientation 1/1 (pKa = 10.5)

Working on cluster #71...
    A:LYS 444  : 12 states
    A:HID 440  : 6 states

  Scoring exhaustively (72 potential combinations)...
    No valid conformations found. Trying again with less strict requirements.

  Cluster results:
    A:LYS 444  : Orientation 2/2 (pKa = 10.34)
    A:HID 440  : Flip HID (pKa = 5.77)

Working on cluster #72...
    A:LYS 475  : 8 states

  Scoring exhaustively (8 potential combinations)...

  Cluster results:
    A:LYS 475  : Orientation 1/1 (pKa = 10.39)

Working on cluster #73...
    A:LYS 500  : 16 states

  Scoring exhaustively (16 potential combinations)...

  Cluster results:
    A:LYS 500  : Orientation 1/3 (pKa = 10.43)

Working on cluster #74...
    A:LYS 519  : 8 states
    A:ASP 183  : 3 states

  Scoring exhaustively (24 potential combinations)...

  Cluster results:
    A:LYS 519  : Orientation 1/1 (pKa = 10.5)
    A:ASP 183  : Charged (pKa = 2.86)

Working on cluster #75...
    A:LYS 524  : 8 states

  Scoring exhaustively (8 potential combinations)...

  Cluster results:
    A:LYS 524  : Orientation 1/1 (pKa = 10.27)

Working on cluster #76...
    A:LYS 534  : 12 states
    A:GLU 531  : 3 states
    A:THR 420 : HG1 : 10 states

  Scoring exhaustively (360 potential combinations)...
    No valid conformations found. Trying again with less strict requirements.

  Cluster results:
    A:LYS 534  : Stagger (pKa = 9.16)
    A:GLU 531  : Charged (pKa = 4.45)
    A:THR 420 : HG1 : Orientation 1/10

Working on cluster #77...
    A:LYS 536  : 16 states

  Scoring exhaustively (16 potential combinations)...

  Cluster results:
    A:LYS 536  : Orientation 1/3 (pKa = 9.51)

Working on cluster #78...
    A:LYS 538  : 8 states

  Scoring exhaustively (8 potential combinations)...

  Cluster results:
    A:LYS 538  : Orientation 1/1 (pKa = 10.51)

Working on cluster #79...
    A:LYS 541  : 8 states

  Scoring exhaustively (8 potential combinations)...

  Cluster results:
    A:LYS 541  : Orientation 1/1 (pKa = 10.43)

Working on cluster #80...
    A:LYS 545  : 8 states

  Scoring exhaustively (8 potential combinations)...
    No valid conformations found. Trying again with less strict requirements.

  Cluster results:
    A:LYS 545  : Orientation 1/1 (pKa = 10.12)

Working on cluster #81...
    A:LYS 557  : 8 states

  Scoring exhaustively (8 potential combinations)...

  Cluster results:
    A:LYS 557  : Orientation 1/1 (pKa = 10.47)

Working on cluster #82...
    A:LYS 560  : 8 states

  Scoring exhaustively (8 potential combinations)...

  Cluster results:
    A:LYS 560  : Orientation 1/1 (pKa = 10.54)

Working on cluster #83...
    A:LYS 564  : 8 states

  Scoring exhaustively (8 potential combinations)...

  Cluster results:
    A:LYS 564  : Orientation 1/1 (pKa = 10.47)

Working on cluster #84...
    A:LYS 573  : 8 states

  Scoring exhaustively (8 potential combinations)...

  Cluster results:
    A:LYS 573  : Orientation 1/1 (pKa = 10.42)

Working on cluster #85...
    A:LYS 574  : 12 states

  Scoring exhaustively (12 potential combinations)...

  Cluster results:
    A:LYS 574  : Orientation 1/2 (pKa = 10.48)

Working on cluster #86...
    A:HID 9  : 6 states
    A:ASP 255  : 3 states
    A:ASP 13  : 3 states

  Scoring exhaustively (54 potential combinations)...

  Cluster results:
    A:HID 9  : HIE (pKa = 6.69)
    A:ASP 255  : Charged (pKa = 5.83)
    A:ASP 13  : Charged (pKa = 2.89)

Working on cluster #87...
    A:HID 39  : 6 states

  Scoring exhaustively (6 potential combinations)...

  Cluster results:
    A:HID 39  : HIE (pKa = 4.28)

Working on cluster #88...
    A:HID 105  : 6 states

  Scoring exhaustively (6 potential combinations)...

  Cluster results:
    A:HID 105  : HID (pKa = 6.64)

Working on cluster #89...
    A:HID 128  : 6 states

  Scoring exhaustively (6 potential combinations)...

  Cluster results:
    A:HID 128  : HID (pKa = 6.24)

Working on cluster #90...
    A:HID 146  : 6 states
    A:SER 193 : HG  : 4 states

  Scoring exhaustively (24 potential combinations)...

  Cluster results:
    A:HID 146  : Flip HID (pKa = 4.08)
    A:SER 193 : HG  : Stagger 3 4/4

Working on cluster #91...
    A:HID 338  : 6 states
    A:ASP 340  : 3 states
    A:TYR 341 : HH  : 5 states

  Scoring exhaustively (90 potential combinations)...

  Cluster results:
    A:HID 338  : HID (pKa = 6.93)
    A:ASP 340  : Charged (pKa = 2.82)
    A:TYR 341 : HH  : Default 2 4/4 (pKa = 11.71)

Working on cluster #92...
    A:HID 367  : 6 states
    A:TYR 370 : HH  : 4 states

  Scoring exhaustively (24 potential combinations)...

  Cluster results:
    A:HID 367  : HID (pKa = 6.85)
    A:TYR 370 : HH  : Orientation 1/3 (pKa = 11.26)

Working on cluster #93...
    A:HID 464  : 6 states
    A:THR 474 : HG1 : 7 states
    A:SER 470 : HG  : 6 states

  Scoring exhaustively (252 potential combinations)...

  Cluster results:
    A:HID 464  : Flip HID (pKa = 5.11)
    A:THR 474 : HG1 : Default 4/7
    A:SER 470 : HG  : Stagger 1 4/6

Working on cluster #94...
    A:HID 510  : 6 states

  Scoring exhaustively (6 potential combinations)...

  Cluster results:
    A:HID 510  : Flip HID (pKa = 6.57)

Working on cluster #95...
    A:HID 535  : 6 states

  Scoring exhaustively (6 potential combinations)...

  Cluster results:
    A:HID 535  : HID (pKa = 5.58)

Working on cluster #96...
    A:SER 5 : HG  : 4 states

  Scoring exhaustively (4 potential combinations)...

  Cluster results:
    A:SER 5 : HG  : Orientation 1/4 (pKa = 8.21)

Working on cluster #97...
    A:CYS 34 : HG  : 5 states
    A:TYR 84 : HH  : 3 states

  Scoring exhaustively (15 potential combinations)...

  Cluster results:
    A:CYS 34 : HG  : Orientation 3/4 (pKa = 11.0)
    A:TYR 84 : HH  : Default 2 2/2 (pKa = 13.65)

Working on cluster #98...
    A:THR 47 : HG1 : 6 states

  Scoring exhaustively (6 potential combinations)...

  Cluster results:
    A:THR 47 : HG1 : Orientation 1/6

Working on cluster #99...
    A:THR 52 : HG1 : 6 states

  Scoring exhaustively (6 potential combinations)...

  Cluster results:
    A:THR 52 : HG1 : Orientation 3/6

Working on cluster #100...
    A:SER 58 : HG  : 5 states
    A:ASP 56  : 3 states

  Scoring exhaustively (15 potential combinations)...

  Cluster results:
    A:SER 58 : HG  : Orientation 1/5
    A:ASP 56  : Charged (pKa = 3.56)

Working on cluster #101...
    A:SER 65 : HG  : 8 states
    A:THR 68 : HG1 : 8 states

  Scoring exhaustively (64 potential combinations)...

  Cluster results:
    A:SER 65 : HG  : Orientation 4/8
    A:THR 68 : HG1 : Orientation 5/8

Working on cluster #102...
    A:THR 76 : HG1 : 6 states

  Scoring exhaustively (6 potential combinations)...

  Cluster results:
    A:THR 76 : HG1 : Orientation 3/6

Working on cluster #103...
    A:THR 79 : HG1 : 4 states

  Scoring exhaustively (4 potential combinations)...

  Cluster results:
    A:THR 79 : HG1 : Stagger 2 3/4

Working on cluster #104...
    A:THR 83 : HG1 : 4 states

  Scoring exhaustively (4 potential combinations)...

  Cluster results:
    A:THR 83 : HG1 : Stagger 1 2/4

Working on cluster #105...
    A:THR 125 : HG1 : 5 states

  Scoring exhaustively (5 potential combinations)...

  Cluster results:
    A:THR 125 : HG1 : Orientation 1/5

Working on cluster #106...
    A:TYR 138 : HH  : 4 states

  Scoring exhaustively (4 potential combinations)...

  Cluster results:
    A:TYR 138 : HH  : Orientation 1/3 (pKa = 12.42)

Working on cluster #107...
    A:TYR 140 : HH  : 5 states

  Scoring exhaustively (5 potential combinations)...

  Cluster results:
    A:TYR 140 : HH  : Orientation 1/4 (pKa = 12.06)

Working on cluster #108...
    A:TYR 148 : HH  : 3 states

  Scoring exhaustively (3 potential combinations)...

  Cluster results:
    A:TYR 148 : HH  : Default 2 2/2 (pKa = 11.82)

Working on cluster #109...
    A:TYR 161 : HH  : 4 states

  Scoring exhaustively (4 potential combinations)...

  Cluster results:
    A:TYR 161 : HH  : Orientation 1/3 (pKa = 13.27)

Working on cluster #110...
    A:THR 166 : HG1 : 7 states

  Scoring exhaustively (7 potential combinations)...

  Cluster results:
    A:THR 166 : HG1 : Orientation 1/7

Working on cluster #111...
    A:SER 192 : HG  : 4 states

  Scoring exhaustively (4 potential combinations)...

  Cluster results:
    A:SER 192 : HG  : Stagger 3 4/4

Working on cluster #112...
    A:SER 202 : HG  : 5 states

  Scoring exhaustively (5 potential combinations)...

  Cluster results:
    A:SER 202 : HG  : Stagger 2 4/5

Working on cluster #113...
    A:SER 220 : HG  : 6 states

  Scoring exhaustively (6 potential combinations)...

  Cluster results:
    A:SER 220 : HG  : Orientation 2/6

Working on cluster #114...
    A:SER 232 : HG  : 6 states

  Scoring exhaustively (6 potential combinations)...

  Cluster results:
    A:SER 232 : HG  : Orientation 1/6

Working on cluster #115...
    A:THR 236 : HG1 : 6 states

  Scoring exhaustively (6 potential combinations)...

  Cluster results:
    A:THR 236 : HG1 : Orientation 1/6

Working on cluster #116...
    A:THR 239 : HG1 : 6 states

  Scoring exhaustively (6 potential combinations)...

  Cluster results:
    A:THR 239 : HG1 : Orientation 1/6

Working on cluster #117...
    A:THR 243 : HG1 : 6 states

  Scoring exhaustively (6 potential combinations)...

  Cluster results:
    A:THR 243 : HG1 : Orientation 1/6

Working on cluster #118...
    A:SER 270 : HG  : 5 states

  Scoring exhaustively (5 potential combinations)...

  Cluster results:
    A:SER 270 : HG  : Stagger 1 3/5

Working on cluster #119...
    A:SER 287 : HG  : 6 states

  Scoring exhaustively (6 potential combinations)...

  Cluster results:
    A:SER 287 : HG  : Orientation 1/6

Working on cluster #120...
    A:SER 304 : HG  : 7 states

  Scoring exhaustively (7 potential combinations)...

  Cluster results:
    A:SER 304 : HG  : Orientation 1/7

Working on cluster #121...
    A:SER 312 : HG  : 5 states

  Scoring exhaustively (5 potential combinations)...

  Cluster results:
    A:SER 312 : HG  : Orientation 1/5

Working on cluster #122...
    A:TYR 319 : HH  : 4 states
    A:GLU 358  : 3 states

  Scoring exhaustively (12 potential combinations)...

  Cluster results:
    A:TYR 319 : HH  : Orientation 1/3 (pKa = 12.49)
    A:GLU 358  : Charged (pKa = 3.81)

Working on cluster #123...
    A:TYR 332 : HH  : 5 states

  Scoring exhaustively (5 potential combinations)...

  Cluster results:
    A:TYR 332 : HH  : Orientation 1/4 (pKa = 11.7)

Working on cluster #124...
    A:TYR 334 : HH  : 3 states

  Scoring exhaustively (3 potential combinations)...

  Cluster results:
    A:TYR 334 : HH  : Orientation 1/2 (pKa = 12.72)

Working on cluster #125...
    A:SER 342 : HG  : 10 states
    A:GLU 450  : 3 states

  Scoring exhaustively (30 potential combinations)...

  Cluster results:
    A:SER 342 : HG  : Orientation 4/10
    A:GLU 450  : Charged (pKa = 4.31)

Working on cluster #126...
    A:THR 352 : HG1 : 5 states

  Scoring exhaustively (5 potential combinations)...

  Cluster results:
    A:THR 352 : HG1 : Orientation 2/5

Working on cluster #127...
    A:TYR 353 : HH  : 3 states

  Scoring exhaustively (3 potential combinations)...

  Cluster results:
    A:TYR 353 : HH  : Orientation 1/2 (pKa = 13.33)

Working on cluster #128...
    A:THR 355 : HG1 : 6 states

  Scoring exhaustively (6 potential combinations)...

  Cluster results:
    A:THR 355 : HG1 : Stagger 3 6/6

Working on cluster #129...
    A:THR 356 : HG1 : 6 states

  Scoring exhaustively (6 potential combinations)...

  Cluster results:
    A:THR 356 : HG1 : Orientation 1/6

Working on cluster #130...
    A:TYR 411 : HH  : 7 states

  Scoring exhaustively (7 potential combinations)...

  Cluster results:
    A:TYR 411 : HH  : Orientation 1/6 (pKa = 11.19)

Working on cluster #131...
    A:THR 412 : HG1 : 5 states

  Scoring exhaustively (5 potential combinations)...

  Cluster results:
    A:THR 412 : HG1 : Orientation 1/5

Working on cluster #132...
    A:SER 419 : HG  : 6 states

  Scoring exhaustively (6 potential combinations)...

  Cluster results:
    A:SER 419 : HG  : Stagger 2 5/6

Working on cluster #133...
    A:THR 422 : HG1 : 5 states

  Scoring exhaustively (5 potential combinations)...

  Cluster results:
    A:THR 422 : HG1 : Stagger 2 4/5

Working on cluster #134...
    A:SER 427 : HG  : 6 states

  Scoring exhaustively (6 potential combinations)...

  Cluster results:
    A:SER 427 : HG  : Orientation 1/6

Working on cluster #135...
    A:TYR 452 : HH  : 4 states

  Scoring exhaustively (4 potential combinations)...

  Cluster results:
    A:TYR 452 : HH  : Orientation 1/3 (pKa = 12.65)

Working on cluster #136...
    A:SER 454 : HG  : 6 states

  Scoring exhaustively (6 potential combinations)...

  Cluster results:
    A:SER 454 : HG  : Orientation 1/6

Working on cluster #137...
    A:THR 467 : HG1 : 4 states

  Scoring exhaustively (4 potential combinations)...

  Cluster results:
    A:THR 467 : HG1 : Stagger 1 2/4

Working on cluster #138...
    A:THR 478 : HG1 : 5 states

  Scoring exhaustively (5 potential combinations)...

  Cluster results:
    A:THR 478 : HG1 : Stagger 1 3/5

Working on cluster #139...
    A:SER 480 : HG  : 5 states

  Scoring exhaustively (5 potential combinations)...

  Cluster results:
    A:SER 480 : HG  : Orientation 1/5

Working on cluster #140...
    A:SER 489 : HG  : 6 states

  Scoring exhaustively (6 potential combinations)...

  Cluster results:
    A:SER 489 : HG  : Stagger 3 6/6

Working on cluster #141...
    A:TYR 497 : HH  : 4 states

  Scoring exhaustively (4 potential combinations)...

  Cluster results:
    A:TYR 497 : HH  : Default 2 3/3 (pKa = 11.49)

Working on cluster #142...
    A:THR 506 : HG1 : 4 states

  Scoring exhaustively (4 potential combinations)...

  Cluster results:
    A:THR 506 : HG1 : Stagger 3 4/4

Working on cluster #143...
    A:THR 508 : HG1 : 4 states

  Scoring exhaustively (4 potential combinations)...

  Cluster results:
    A:THR 508 : HG1 : Stagger 2 3/4

Working on cluster #144...
    A:THR 515 : HG1 : 6 states

  Scoring exhaustively (6 potential combinations)...

  Cluster results:
    A:THR 515 : HG1 : Orientation 3/6

Working on cluster #145...
    A:SER 517 : HG  : 12 states
    A:GLU 520  : 3 states

  Scoring exhaustively (36 potential combinations)...

  Cluster results:
    A:SER 517 : HG  : Orientation 9/12
    A:GLU 520  : Charged (pKa = 3.18)

Working on cluster #146...
    A:THR 527 : HG1 : 6 states

  Scoring exhaustively (6 potential combinations)...

  Cluster results:
    A:THR 527 : HG1 : Orientation 1/6

Working on cluster #147...
    A:THR 566 : HG1 : 7 states

  Scoring exhaustively (7 potential combinations)...

  Cluster results:
    A:THR 566 : HG1 : Orientation 2/7

Working on cluster #148...
    A:SER 579 : HG  : 8 states

  Scoring exhaustively (8 potential combinations)...

  Cluster results:
    A:SER 579 : HG  : Orientation 5/8

Working on cluster #149...
    A:GLU 6  : 3 states

  Scoring exhaustively (3 potential combinations)...

  Cluster results:
    A:GLU 6  : Charged (pKa = 3.8)

Working on cluster #150...
    A:GLU 17  : 3 states

  Scoring exhaustively (3 potential combinations)...

  Cluster results:
    A:GLU 17  : Charged (pKa = 4.7)

Working on cluster #151...
    A:GLU 37  : 3 states

  Scoring exhaustively (3 potential combinations)...

  Cluster results:
    A:GLU 37  : Charged (pKa = 4.59)

Working on cluster #152...
    A:ASP 38  : 3 states

  Scoring exhaustively (3 potential combinations)...

  Cluster results:
    A:ASP 38  : Charged (pKa = 4.11)

Working on cluster #153...
    A:GLU 48  : 3 states

  Scoring exhaustively (3 potential combinations)...

  Cluster results:
    A:GLU 48  : Charged (pKa = 4.61)

Working on cluster #154...
    A:GLU 57  : 3 states

  Scoring exhaustively (3 potential combinations)...

  Cluster results:
    A:GLU 57  : Charged (pKa = 4.14)

Working on cluster #155...
    A:ASP 63  : 3 states

  Scoring exhaustively (3 potential combinations)...

  Cluster results:
    A:ASP 63  : Charged (pKa = 3.56)

Working on cluster #156...
    A:ASP 72  : 3 states

  Scoring exhaustively (3 potential combinations)...

  Cluster results:
    A:ASP 72  : Charged (pKa = 3.23)

Working on cluster #157...
    A:GLU 82  : 3 states

  Scoring exhaustively (3 potential combinations)...

  Cluster results:
    A:GLU 82  : Charged (pKa = 4.57)

Working on cluster #158...
    A:GLU 86  : 3 states

  Scoring exhaustively (3 potential combinations)...

  Cluster results:
    A:GLU 86  : Charged (pKa = 4.5)

Working on cluster #159...
    A:ASP 89  : 3 states

  Scoring exhaustively (3 potential combinations)...

  Cluster results:
    A:ASP 89  : Charged (pKa = 3.8)

Working on cluster #160...
    A:GLU 95  : 3 states

  Scoring exhaustively (3 potential combinations)...

  Cluster results:
    A:GLU 95  : Charged (pKa = 4.44)

Working on cluster #161...
    A:GLU 97  : 3 states

  Scoring exhaustively (3 potential combinations)...

  Cluster results:
    A:GLU 97  : Charged (pKa = 4.28)

Working on cluster #162...
    A:GLU 100  : 3 states

  Scoring exhaustively (3 potential combinations)...

  Cluster results:
    A:GLU 100  : Charged (pKa = 4.78)

Working on cluster #163...
    A:ASP 108  : 3 states

  Scoring exhaustively (3 potential combinations)...

  Cluster results:
    A:ASP 108  : Charged (pKa = 3.45)

Working on cluster #164...
    A:GLU 119  : 3 states

  Scoring exhaustively (3 potential combinations)...

  Cluster results:
    A:GLU 119  : Charged (pKa = 4.8)

Working on cluster #165...
    A:ASP 129  : 3 states

  Scoring exhaustively (3 potential combinations)...

  Cluster results:
    A:ASP 129  : Charged (pKa = 3.95)

Working on cluster #166...
    A:GLU 132  : 3 states

  Scoring exhaustively (3 potential combinations)...

  Cluster results:
    A:GLU 132  : Charged (pKa = 4.36)

Working on cluster #167...
    A:GLU 141  : 3 states

  Scoring exhaustively (3 potential combinations)...

  Cluster results:
    A:GLU 141  : Charged (pKa = 3.86)

Working on cluster #168...
    A:ASP 173  : 3 states

  Scoring exhaustively (3 potential combinations)...

  Cluster results:
    A:ASP 173  : Charged (pKa = 3.86)

Working on cluster #169...
    A:GLU 184  : 3 states

  Scoring exhaustively (3 potential combinations)...

  Cluster results:
    A:GLU 184  : Charged (pKa = 4.69)

Working on cluster #170...
    A:ASP 187  : 3 states

  Scoring exhaustively (3 potential combinations)...

  Cluster results:
    A:ASP 187  : Charged (pKa = 3.69)

Working on cluster #171...
    A:GLU 227  : 3 states

  Scoring exhaustively (3 potential combinations)...

  Cluster results:
    A:GLU 227  : Charged (pKa = 4.7)

Working on cluster #172...
    A:GLU 244  : 3 states
    A:ASP 256  : 3 states

  Scoring exhaustively (9 potential combinations)...

  Cluster results:
    A:GLU 244  : Neutral 1 (pKa = 8.38)
    A:ASP 256  : Charged (pKa = 3.48)

Working on cluster #173...
    A:GLU 252  : 3 states

  Scoring exhaustively (3 potential combinations)...

  Cluster results:
    A:GLU 252  : Charged (pKa = 6.44)

Working on cluster #174...
    A:ASP 259  : 3 states

  Scoring exhaustively (3 potential combinations)...

  Cluster results:
    A:ASP 259  : Charged (pKa = 4.48)

Working on cluster #175...
    A:GLU 266  : 3 states

  Scoring exhaustively (3 potential combinations)...

  Cluster results:
    A:GLU 266  : Charged (pKa = 4.45)

Working on cluster #176...
    A:ASP 269  : 3 states

  Scoring exhaustively (3 potential combinations)...

  Cluster results:
    A:ASP 269  : Charged (pKa = 3.64)

Working on cluster #177...
    A:GLU 280  : 3 states

  Scoring exhaustively (3 potential combinations)...

  Cluster results:
    A:GLU 280  : Charged (pKa = 4.58)

Working on cluster #178...
    A:ASP 301  : 3 states

  Scoring exhaustively (3 potential combinations)...

  Cluster results:
    A:ASP 301  : Charged (pKa = 3.92)

Working on cluster #179...
    A:ASP 308  : 3 states

  Scoring exhaustively (3 potential combinations)...

  Cluster results:
    A:ASP 308  : Charged (pKa = 4.05)

Working on cluster #180...
    A:GLU 311  : 3 states

  Scoring exhaustively (3 potential combinations)...

  Cluster results:
    A:GLU 311  : Charged (pKa = 4.72)

Working on cluster #181...
    A:ASP 314  : 3 states

  Scoring exhaustively (3 potential combinations)...

  Cluster results:
    A:ASP 314  : Charged (pKa = 3.81)

Working on cluster #182...
    A:ASP 324  : 3 states

  Scoring exhaustively (3 potential combinations)...

  Cluster results:
    A:ASP 324  : Charged (pKa = 3.17)

Working on cluster #183...
    A:GLU 333  : 3 states

  Scoring exhaustively (3 potential combinations)...

  Cluster results:
    A:GLU 333  : Charged (pKa = 4.63)

Working on cluster #184...
    A:ASP 365  : 3 states

  Scoring exhaustively (3 potential combinations)...

  Cluster results:
    A:ASP 365  : Charged (pKa = 3.85)

Working on cluster #185...
    A:GLU 368  : 3 states

  Scoring exhaustively (3 potential combinations)...

  Cluster results:
    A:GLU 368  : Charged (pKa = 4.57)

Working on cluster #186...
    A:ASP 375  : 3 states

  Scoring exhaustively (3 potential combinations)...

  Cluster results:
    A:ASP 375  : Charged (pKa = 3.72)

Working on cluster #187...
    A:GLU 376  : 3 states

  Scoring exhaustively (3 potential combinations)...

  Cluster results:
    A:GLU 376  : Charged (pKa = 4.67)

Working on cluster #188...
    A:GLU 382  : 3 states

  Scoring exhaustively (3 potential combinations)...

  Cluster results:
    A:GLU 382  : Charged (pKa = 4.58)

Working on cluster #189...
    A:GLU 383  : 3 states

  Scoring exhaustively (3 potential combinations)...

  Cluster results:
    A:GLU 383  : Charged (pKa = 3.95)

Working on cluster #190...
    A:GLU 396  : 3 states

  Scoring exhaustively (3 potential combinations)...

  Cluster results:
    A:GLU 396  : Charged (pKa = 4.58)

Working on cluster #191...
    A:GLU 442  : 3 states

  Scoring exhaustively (3 potential combinations)...

  Cluster results:
    A:GLU 442  : Charged (pKa = 4.46)

Working on cluster #192...
    A:ASP 451  : 3 states

  Scoring exhaustively (3 potential combinations)...

  Cluster results:
    A:ASP 451  : Charged (pKa = 6.97)

Working on cluster #193...
    A:ASP 471  : 3 states

  Scoring exhaustively (3 potential combinations)...

  Cluster results:
    A:ASP 471  : Charged (pKa = 3.99)

Working on cluster #194...
    A:GLU 479  : 3 states

  Scoring exhaustively (3 potential combinations)...

  Cluster results:
    A:GLU 479  : Charged (pKa = 4.5)

Working on cluster #195...
    A:GLU 492  : 3 states

  Scoring exhaustively (3 potential combinations)...

  Cluster results:
    A:GLU 492  : Charged (pKa = 4.34)

Working on cluster #196...
    A:GLU 495  : 3 states

  Scoring exhaustively (3 potential combinations)...

  Cluster results:
    A:GLU 495  : Charged (pKa = 4.66)

Working on cluster #197...
    A:GLU 501  : 3 states

  Scoring exhaustively (3 potential combinations)...

  Cluster results:
    A:GLU 501  : Charged (pKa = 4.59)

Working on cluster #198...
    A:GLU 505  : 3 states

  Scoring exhaustively (3 potential combinations)...

  Cluster results:
    A:GLU 505  : Charged (pKa = 4.57)

Working on cluster #199...
    A:ASP 512  : 3 states

  Scoring exhaustively (3 potential combinations)...

  Cluster results:
    A:ASP 512  : Charged (pKa = 3.62)

Working on cluster #200...
    A:GLU 542  : 3 states

  Scoring exhaustively (3 potential combinations)...

  Cluster results:
    A:GLU 542  : Charged (pKa = 4.56)

Working on cluster #201...
    A:ASP 549  : 3 states

  Scoring exhaustively (3 potential combinations)...

  Cluster results:
    A:ASP 549  : Charged (pKa = 4.27)

Working on cluster #202...
    A:ASP 550  : 3 states

  Scoring exhaustively (3 potential combinations)...

  Cluster results:
    A:ASP 550  : Charged (pKa = 4.59)

Working on cluster #203...
    A:GLU 556  : 3 states

  Scoring exhaustively (3 potential combinations)...

  Cluster results:
    A:GLU 556  : Charged (pKa = 4.47)

Working on cluster #204...
    A:ASP 562  : 3 states

  Scoring exhaustively (3 potential combinations)...

  Cluster results:
    A:ASP 562  : Charged (pKa = 4.0)

Working on cluster #205...
    A:ASP 563  : 3 states

  Scoring exhaustively (3 potential combinations)...

  Cluster results:
    A:ASP 563  : Charged (pKa = 3.32)

Working on cluster #206...
    A:GLU 565  : 3 states

  Scoring exhaustively (3 potential combinations)...

  Cluster results:
    A:GLU 565  : Charged (pKa = 4.63)

Working on cluster #207...
    A:GLU 570  : 3 states

  Scoring exhaustively (3 potential combinations)...

  Cluster results:
    A:GLU 570  : Charged (pKa = 4.57)

Working on cluster #208...
    A:GLU 571  : 3 states

  Scoring exhaustively (3 potential combinations)...

  Cluster results:
    A:GLU 571  : Charged (pKa = 4.72)


Recalculating pKas to identify changes in protonation penalties...
  Running PropKa to get pKas
    Updating protonation penalties for A:HID 247 : pKa 5.68
    The following clusters have new protonation state penalties, and will be re-run:
        8

Working on cluster #8...
    A:ASN 99  : 2 states
    A:ASP 249  : 3 states
    A:TYR 30 : HH  : 3 states
    A:HID 247  : 6 states
    A:HID 67  : 6 states

  Scoring exhaustively (648 potential combinations)...

  Cluster results:
    A:ASN 99  : No Flip
    A:ASP 249  : Charged (pKa = 3.7)
    A:TYR 30 : HH  : Default 2 2/2 (pKa = 14.38)
    A:HID 247  : Flip HIE (pKa = 5.68)
    A:HID 67  : HIP (pKa = 7.51)

Minimizing hydrogens...

Total score for structure: -176.616184987

Final pKas:
  A:LYS 12  : 10.58
  A:LYS 20  : 10.50
  A:LYS 41  : 11.15
  A:LYS 51  : 10.74
  A:LYS 64  : 10.45
  A:LYS 73  : 10.82
  A:LYS 93  : 10.36
  A:LYS 106  : 7.36
  A:LYS 136  : 9.68
  A:LYS 137  : 10.51
  A:LYS 159  : 10.87
  A:LYS 162  : 10.62
  A:LYS 174  : 11.24
  A:LYS 181  : 10.62
  A:LYS 190  : 8.71
  A:LYS 195  : 9.99
  A:LYS 199  : 6.78
  A:LYS 205  : 10.50
  A:LYS 212  : 10.67
  A:LYS 225  : 10.94
  A:LYS 233  : 11.17
  A:LYS 240  : 10.93
  A:LYS 262  : 10.83
  A:LYS 274  : 11.12
  A:LYS 276  : 10.73
  A:LYS 281  : 10.40
  A:LYS 286  : 10.09
  A:LYS 313  : 10.51
  A:LYS 317  : 11.45
  A:LYS 323  : 10.62
  A:LYS 351  : 10.86
  A:LYS 359  : 10.41
  A:LYS 372  : 10.62
  A:LYS 378  : 10.70
  A:LYS 389  : 10.46
  A:LYS 402  : 10.44
  A:LYS 413  : 9.50
  A:LYS 414  : 8.47
  A:LYS 432  : 9.24
  A:LYS 436  : 9.50
  A:LYS 439  : 10.50
  A:LYS 444  : 10.33
  A:LYS 466  : 10.88
  A:LYS 475  : 10.39
  A:LYS 500  : 10.43
  A:LYS 519  : 10.50
  A:LYS 524  : 10.27
  A:LYS 525  : 9.96
  A:LYS 534  : 9.16
  A:LYS 536  : 9.51
  A:LYS 538  : 10.51
  A:LYS 541  : 10.43
  A:LYS 545  : 10.12
  A:LYS 557  : 10.47
  A:LYS 560  : 10.54
  A:LYS 564  : 10.47
  A:LYS 573  : 10.42
  A:LYS 574  : 10.48
  A:HID 9  : 6.69
  A:HID 39  : 4.28
  A:HID 67  : 7.51
  A:HID 105  : 6.64
  A:HID 128  : 6.24
  A:HID 146  : 4.44
  A:HID 242  : 1.31
  A:HID 247  : 5.68
  A:HID 288  : 7.77
  A:HID 338  : 6.93
  A:HID 367  : 6.85
  A:HID 440  : 5.89
  A:HID 464  : 5.17
  A:HID 510  : 6.65
  A:HID 535  : 5.58
  A:SER 5 : HG  : 8.21
  A:TYR 30 : HH  : 14.38
  A:CYS 34 : HG  : 11.00
  A:TYR 84 : HH  : 13.65
  A:TYR 138 : HH  : 12.42
  A:TYR 140 : HH  : 12.06
  A:TYR 148 : HH  : 11.82
  A:TYR 150 : HH  : 11.85
  A:TYR 161 : HH  : 13.27
  A:TYR 263 : HH  : 11.91
  A:TYR 319 : HH  : 12.49
  A:TYR 332 : HH  : 11.70
  A:TYR 334 : HH  : 12.72
  A:TYR 341 : HH  : 11.71
  A:TYR 353 : HH  : 13.33
  A:TYR 370 : HH  : 11.26
  A:TYR 401 : HH  : 11.53
  A:TYR 411 : HH  : 11.19
  A:TYR 452 : HH  : 12.65
  A:TYR 497 : HH  : 11.49
  A:GLU 6  : 3.80
  A:ASP 13  : 2.89
  A:GLU 16  : 3.82
  A:GLU 17  : 4.70
  A:GLU 37  : 4.59
  A:ASP 38  : 4.11
  A:GLU 45  : 2.69
  A:GLU 48  : 4.61
  A:ASP 56  : 3.56
  A:GLU 57  : 4.14
  A:GLU 60  : 4.56
  A:ASP 63  : 3.56
  A:ASP 72  : 3.23
  A:GLU 82  : 4.57
  A:GLU 86  : 4.50
  A:ASP 89  : 3.80
  A:GLU 95  : 4.44
  A:GLU 97  : 4.28
  A:GLU 100  : 4.78
  A:ASP 107  : 3.26
  A:ASP 108  : 3.45
  A:GLU 119  : 4.80
  A:ASP 121  : 2.90
  A:ASP 129  : 3.95
  A:GLU 131  : 4.58
  A:GLU 132  : 4.36
  A:GLU 141  : 3.86
  A:GLU 153  : 3.14
  A:GLU 167  : 4.08
  A:ASP 173  : 3.86
  A:ASP 183  : 2.86
  A:GLU 184  : 4.69
  A:ASP 187  : 3.69
  A:GLU 188  : 4.11
  A:GLU 208  : 4.24
  A:GLU 227  : 4.70
  A:GLU 230  : 4.46
  A:ASP 237  : 4.23
  A:GLU 244  : 8.38
  A:ASP 249  : 3.70
  A:GLU 252  : 6.49
  A:ASP 255  : 5.83
  A:ASP 256  : 3.48
  A:ASP 259  : 4.48
  A:GLU 266  : 4.45
  A:ASP 269  : 3.64
  A:GLU 277  : 4.32
  A:GLU 280  : 4.58
  A:GLU 285  : 3.50
  A:GLU 292  : 4.51
  A:GLU 294  : 4.43
  A:ASP 296  : 1.78
  A:GLU 297  : 4.12
  A:ASP 301  : 3.92
  A:ASP 308  : 4.05
  A:GLU 311  : 4.72
  A:ASP 314  : 3.81
  A:GLU 321  : 3.71
  A:ASP 324  : 3.17
  A:GLU 333  : 4.63
  A:ASP 340  : 2.82
  A:GLU 354  : 3.61
  A:GLU 358  : 3.81
  A:ASP 365  : 3.85
  A:GLU 368  : 4.57
  A:ASP 375  : 3.72
  A:GLU 376  : 4.67
  A:GLU 382  : 4.58
  A:GLU 383  : 3.95
  A:GLU 393  : 4.56
  A:GLU 396  : 4.58
  A:GLU 400  : 4.39
  A:GLU 425  : 5.07
  A:GLU 442  : 4.46
  A:GLU 450  : 4.31
  A:ASP 451  : 6.97
  A:GLU 465  : 4.98
  A:ASP 471  : 3.99
  A:GLU 479  : 4.50
  A:GLU 492  : 4.34
  A:ASP 494  : 2.49
  A:GLU 495  : 4.66
  A:GLU 501  : 4.59
  A:GLU 505  : 4.57
  A:ASP 512  : 3.62
  A:GLU 518  : 4.01
  A:GLU 520  : 3.18
  A:GLU 531  : 4.45
  A:GLU 542  : 4.56
  A:ASP 549  : 4.27
  A:ASP 550  : 4.59
  A:GLU 556  : 4.47
  A:ASP 562  : 4.00
  A:ASP 563  : 3.32
  A:GLU 565  : 4.63
  A:GLU 570  : 4.57
  A:GLU 571  : 4.72
Structure extracted from file: 1ao6-protassign.mae
Output structure will be written to: 1ao6-protassign-out.mae

Complete. Output file: 1ao6-protassign-out.mae
